[32m2023-06-02 13:03:26 -0400[0m - dagster - [34mDEBUG[0m - __ASSET_JOB - efaf88fc-518c-4ec4-b9d6-951a09b722f9 - 62761 - LOGS_CAPTURED - Started capturing logs in process (pid: 62761).
[32m2023-06-02 13:03:26 -0400[0m - dagster - [34mDEBUG[0m - __ASSET_JOB - efaf88fc-518c-4ec4-b9d6-951a09b722f9 - 62761 - fipsLocation - STEP_START - Started execution of step "fipsLocation".
[32m2023-06-02 13:03:26 -0400[0m - dagster - [34mDEBUG[0m - __ASSET_JOB - efaf88fc-518c-4ec4-b9d6-951a09b722f9 - fipsLocation - Loading file from: /Users/blakevanfleteren/Programs/GitHub/vaccine_data/vaccines/tmpbd1xor13/storage/cities
[32m2023-06-02 13:03:26 -0400[0m - dagster - [34mDEBUG[0m - __ASSET_JOB - efaf88fc-518c-4ec4-b9d6-951a09b722f9 - 62761 - fipsLocation - ASSET_OBSERVATION - ASSET_OBSERVATION for step fipsLocation
[32m2023-06-02 13:03:26 -0400[0m - dagster - [34mDEBUG[0m - __ASSET_JOB - efaf88fc-518c-4ec4-b9d6-951a09b722f9 - 62761 - fipsLocation - LOADED_INPUT - Loaded input "cities" using input manager "io_manager"
[32m2023-06-02 13:03:26 -0400[0m - dagster - [34mDEBUG[0m - __ASSET_JOB - efaf88fc-518c-4ec4-b9d6-951a09b722f9 - fipsLocation - Loading file from: /Users/blakevanfleteren/Programs/GitHub/vaccine_data/vaccines/tmpbd1xor13/storage/years
[32m2023-06-02 13:03:26 -0400[0m - dagster - [34mDEBUG[0m - __ASSET_JOB - efaf88fc-518c-4ec4-b9d6-951a09b722f9 - 62761 - fipsLocation - ASSET_OBSERVATION - ASSET_OBSERVATION for step fipsLocation
[32m2023-06-02 13:03:26 -0400[0m - dagster - [34mDEBUG[0m - __ASSET_JOB - efaf88fc-518c-4ec4-b9d6-951a09b722f9 - 62761 - fipsLocation - LOADED_INPUT - Loaded input "years" using input manager "io_manager"
[32m2023-06-02 13:03:26 -0400[0m - dagster - [34mDEBUG[0m - __ASSET_JOB - efaf88fc-518c-4ec4-b9d6-951a09b722f9 - 62761 - fipsLocation - STEP_INPUT - Got input "cities" of type "tuple". (Type check passed).
[32m2023-06-02 13:03:26 -0400[0m - dagster - [34mDEBUG[0m - __ASSET_JOB - efaf88fc-518c-4ec4-b9d6-951a09b722f9 - 62761 - fipsLocation - STEP_INPUT - Got input "years" of type "[Any]". (Type check passed).
[32m2023-06-02 13:03:26 -0400[0m - dagster - [34mERROR[0m - [31m__ASSET_JOB - efaf88fc-518c-4ec4-b9d6-951a09b722f9 - 62761 - fipsLocation - STEP_FAILURE - Execution of step "fipsLocation" failed.

dagster._core.errors.DagsterExecutionStepExecutionError: Error occurred while executing op "fipsLocation"::

exceptions.ColumnNotFoundError: ^Area Name

Stack Trace:
  File "/Users/blakevanfleteren/Programs/GitHub/vaccine_data/.venv/lib/python3.9/site-packages/dagster/_core/execution/plan/utils.py", line 54, in op_execution_error_boundary
    yield
  File "/Users/blakevanfleteren/Programs/GitHub/vaccine_data/.venv/lib/python3.9/site-packages/dagster/_utils/__init__.py", line 445, in iterate_with_context
    next_output = next(iterator)
  File "/Users/blakevanfleteren/Programs/GitHub/vaccine_data/.venv/lib/python3.9/site-packages/dagster/_core/execution/plan/compute_generator.py", line 124, in _coerce_op_compute_fn_to_iterator
    result = invoke_compute_fn(
  File "/Users/blakevanfleteren/Programs/GitHub/vaccine_data/.venv/lib/python3.9/site-packages/dagster/_core/execution/plan/compute_generator.py", line 118, in invoke_compute_fn
    return fn(context, **args_to_pass) if context_arg_provided else fn(**args_to_pass)
  File "/Users/blakevanfleteren/Programs/GitHub/vaccine_data/vaccines/vaccines/assets.py", line 85, in fipsLocation
    fips[year].append(pl.read_csv(file)
  File "/Users/blakevanfleteren/Programs/GitHub/vaccine_data/.venv/lib/python3.9/site-packages/polars/dataframe/frame.py", line 7100, in select
    self.lazy()
  File "/Users/blakevanfleteren/Programs/GitHub/vaccine_data/.venv/lib/python3.9/site-packages/polars/lazyframe/frame.py", line 1603, in collect
    return wrap_df(ldf.collect())
[0m
