[32m2023-06-02 12:27:43 -0400[0m - dagster - [34mDEBUG[0m - __ASSET_JOB - 18f1dff5-b9a5-49b8-9d92-1e1cf8dcbe46 - 60939 - LOGS_CAPTURED - Started capturing logs in process (pid: 60939).
[32m2023-06-02 12:27:43 -0400[0m - dagster - [34mDEBUG[0m - __ASSET_JOB - 18f1dff5-b9a5-49b8-9d92-1e1cf8dcbe46 - 60939 - fipsLocation - STEP_START - Started execution of step "fipsLocation".
[32m2023-06-02 12:27:43 -0400[0m - dagster - [34mDEBUG[0m - __ASSET_JOB - 18f1dff5-b9a5-49b8-9d92-1e1cf8dcbe46 - fipsLocation - Loading file from: /Users/blakevanfleteren/Programs/GitHub/vaccine_data/vaccines/tmpbd1xor13/storage/cities
[32m2023-06-02 12:27:43 -0400[0m - dagster - [34mDEBUG[0m - __ASSET_JOB - 18f1dff5-b9a5-49b8-9d92-1e1cf8dcbe46 - 60939 - fipsLocation - ASSET_OBSERVATION - ASSET_OBSERVATION for step fipsLocation
[32m2023-06-02 12:27:43 -0400[0m - dagster - [34mDEBUG[0m - __ASSET_JOB - 18f1dff5-b9a5-49b8-9d92-1e1cf8dcbe46 - 60939 - fipsLocation - LOADED_INPUT - Loaded input "cities" using input manager "io_manager", from output "result" of step "cities"
[32m2023-06-02 12:27:43 -0400[0m - dagster - [34mDEBUG[0m - __ASSET_JOB - 18f1dff5-b9a5-49b8-9d92-1e1cf8dcbe46 - fipsLocation - Loading file from: /Users/blakevanfleteren/Programs/GitHub/vaccine_data/vaccines/tmpbd1xor13/storage/fipsFiles
[32m2023-06-02 12:27:43 -0400[0m - dagster - [34mDEBUG[0m - __ASSET_JOB - 18f1dff5-b9a5-49b8-9d92-1e1cf8dcbe46 - 60939 - fipsLocation - ASSET_OBSERVATION - ASSET_OBSERVATION for step fipsLocation
[32m2023-06-02 12:27:43 -0400[0m - dagster - [34mDEBUG[0m - __ASSET_JOB - 18f1dff5-b9a5-49b8-9d92-1e1cf8dcbe46 - 60939 - fipsLocation - LOADED_INPUT - Loaded input "fipsFiles" using input manager "io_manager", from output "result" of step "fipsFiles"
[32m2023-06-02 12:27:43 -0400[0m - dagster - [34mDEBUG[0m - __ASSET_JOB - 18f1dff5-b9a5-49b8-9d92-1e1cf8dcbe46 - 60939 - fipsLocation - STEP_INPUT - Got input "cities" of type "tuple". (Type check passed).
[32m2023-06-02 12:27:43 -0400[0m - dagster - [34mDEBUG[0m - __ASSET_JOB - 18f1dff5-b9a5-49b8-9d92-1e1cf8dcbe46 - 60939 - fipsLocation - STEP_INPUT - Got input "fipsFiles" of type "[Any]". (Type check passed).
[32m2023-06-02 12:27:43 -0400[0m - dagster - [34mERROR[0m - [31m__ASSET_JOB - 18f1dff5-b9a5-49b8-9d92-1e1cf8dcbe46 - 60939 - fipsLocation - STEP_FAILURE - Execution of step "fipsLocation" failed.

dagster._core.errors.DagsterExecutionStepExecutionError: Error occurred while executing op "fipsLocation"::

exceptions.ComputeError: invalid utf-8 sequence in csv

Stack Trace:
  File "/Users/blakevanfleteren/Programs/GitHub/vaccine_data/.venv/lib/python3.9/site-packages/dagster/_core/execution/plan/utils.py", line 54, in op_execution_error_boundary
    yield
  File "/Users/blakevanfleteren/Programs/GitHub/vaccine_data/.venv/lib/python3.9/site-packages/dagster/_utils/__init__.py", line 445, in iterate_with_context
    next_output = next(iterator)
  File "/Users/blakevanfleteren/Programs/GitHub/vaccine_data/.venv/lib/python3.9/site-packages/dagster/_core/execution/plan/compute_generator.py", line 124, in _coerce_op_compute_fn_to_iterator
    result = invoke_compute_fn(
  File "/Users/blakevanfleteren/Programs/GitHub/vaccine_data/.venv/lib/python3.9/site-packages/dagster/_core/execution/plan/compute_generator.py", line 118, in invoke_compute_fn
    return fn(context, **args_to_pass) if context_arg_provided else fn(**args_to_pass)
  File "/Users/blakevanfleteren/Programs/GitHub/vaccine_data/vaccines/vaccines/assets.py", line 85, in fipsLocation
    fips[year].append(pl.read_csv(file)
  File "/Users/blakevanfleteren/Programs/GitHub/vaccine_data/.venv/lib/python3.9/site-packages/polars/io/csv/functions.py", line 354, in read_csv
    df = pl.DataFrame._read_csv(
  File "/Users/blakevanfleteren/Programs/GitHub/vaccine_data/.venv/lib/python3.9/site-packages/polars/dataframe/frame.py", line 784, in _read_csv
    self._df = PyDataFrame.read_csv(
[0m
