https://api.census.gov/data/2018/acs/acs1/cprofile?get=*&for=place:shape: (3, 1)
┌──────────────┐
│ name         │
│ ---          │
│ str          │
╞══════════════╡
│ Chicago city │
│ Chicago city │
│ Chicago city │
└──────────────┘&key=cc1e68d7a1e08032441b961b0264d57bcfab83bb
https://api.census.gov/data/2018/acs/acs1/cprofile?get=*&for=place:shape: (1, 1)
┌───────────────┐
│ name          │
│ ---           │
│ str           │
╞═══════════════╡
│ New York city │
└───────────────┘&key=cc1e68d7a1e08032441b961b0264d57bcfab83bb
https://api.census.gov/data/2019/acs/acs1/cprofile?get=*&for=place:shape: (3, 1)
┌──────────────┐
│ name         │
│ ---          │
│ str          │
╞══════════════╡
│ Chicago city │
│ Chicago city │
│ Chicago city │
└──────────────┘&key=cc1e68d7a1e08032441b961b0264d57bcfab83bb
https://api.census.gov/data/2019/acs/acs1/cprofile?get=*&for=place:shape: (1, 1)
┌───────────────┐
│ name          │
│ ---           │
│ str           │
╞═══════════════╡
│ New York city │
└───────────────┘&key=cc1e68d7a1e08032441b961b0264d57bcfab83bb
https://api.census.gov/data/2021/acs/acs1/cprofile?get=*&for=place:shape: (3, 1)
┌──────────────┐
│ name         │
│ ---          │
│ str          │
╞══════════════╡
│ Chicago city │
│ Chicago city │
│ Chicago city │
└──────────────┘&key=cc1e68d7a1e08032441b961b0264d57bcfab83bb
https://api.census.gov/data/2021/acs/acs1/cprofile?get=*&for=place:shape: (1, 1)
┌───────────────┐
│ name          │
│ ---           │
│ str           │
╞═══════════════╡
│ New York city │
└───────────────┘&key=cc1e68d7a1e08032441b961b0264d57bcfab83bb
https://api.census.gov/data/2020/acs/acs1/cprofile?get=*&for=place:shape: (3, 1)
┌──────────────┐
│ name         │
│ ---          │
│ str          │
╞══════════════╡
│ Chicago city │
│ Chicago city │
│ Chicago city │
└──────────────┘&key=cc1e68d7a1e08032441b961b0264d57bcfab83bb
https://api.census.gov/data/2020/acs/acs1/cprofile?get=*&for=place:shape: (1, 1)
┌───────────────┐
│ name          │
│ ---           │
│ str           │
╞═══════════════╡
│ New York city │
└───────────────┘&key=cc1e68d7a1e08032441b961b0264d57bcfab83bb
https://api.census.gov/data/2017/acs/acs1/cprofile?get=*&for=place:shape: (3, 1)
┌──────────────┐
│ name         │
│ ---          │
│ str          │
╞══════════════╡
│ Chicago city │
│ Chicago city │
│ Chicago city │
└──────────────┘&key=cc1e68d7a1e08032441b961b0264d57bcfab83bb
https://api.census.gov/data/2017/acs/acs1/cprofile?get=*&for=place:shape: (1, 1)
┌───────────────┐
│ name          │
│ ---           │
│ str           │
╞═══════════════╡
│ New York city │
└───────────────┘&key=cc1e68d7a1e08032441b961b0264d57bcfab83bb
https://api.census.gov/data/2016/acs/acs1/cprofile?get=*&for=place:shape: (3, 1)
┌──────────────┐
│ name         │
│ ---          │
│ str          │
╞══════════════╡
│ Chicago city │
│ Chicago city │
│ Chicago city │
└──────────────┘&key=cc1e68d7a1e08032441b961b0264d57bcfab83bb
https://api.census.gov/data/2016/acs/acs1/cprofile?get=*&for=place:shape: (1, 1)
┌───────────────┐
│ name          │
│ ---           │
│ str           │
╞═══════════════╡
│ New York city │
└───────────────┘&key=cc1e68d7a1e08032441b961b0264d57bcfab83bb
https://api.census.gov/data/2015/acs/acs1/cprofile?get=*&for=place:shape: (3, 1)
┌──────────────┐
│ name         │
│ ---          │
│ str          │
╞══════════════╡
│ Chicago city │
│ Chicago city │
│ Chicago city │
└──────────────┘&key=cc1e68d7a1e08032441b961b0264d57bcfab83bb
https://api.census.gov/data/2015/acs/acs1/cprofile?get=*&for=place:shape: (1, 1)
┌───────────────┐
│ name          │
│ ---           │
│ str           │
╞═══════════════╡
│ New York city │
└───────────────┘&key=cc1e68d7a1e08032441b961b0264d57bcfab83bb
