[32m2023-06-02 14:09:37 -0400[0m - dagster - [34mDEBUG[0m - __ASSET_JOB - 5da4ea8d-8822-4e48-88b3-7f6c3b0d4317 - 65848 - LOGS_CAPTURED - Started capturing logs in process (pid: 65848).
[32m2023-06-02 14:09:37 -0400[0m - dagster - [34mDEBUG[0m - __ASSET_JOB - 5da4ea8d-8822-4e48-88b3-7f6c3b0d4317 - 65848 - acsURLs - STEP_START - Started execution of step "acsURLs".
[32m2023-06-02 14:09:37 -0400[0m - dagster - [34mDEBUG[0m - __ASSET_JOB - 5da4ea8d-8822-4e48-88b3-7f6c3b0d4317 - acsURLs - Loading file from: /Users/blakevanfleteren/Programs/GitHub/vaccine_data/vaccines/tmpbd1xor13/storage/acsVars
[32m2023-06-02 14:09:37 -0400[0m - dagster - [34mDEBUG[0m - __ASSET_JOB - 5da4ea8d-8822-4e48-88b3-7f6c3b0d4317 - 65848 - acsURLs - ASSET_OBSERVATION - ASSET_OBSERVATION for step acsURLs
[32m2023-06-02 14:09:37 -0400[0m - dagster - [34mDEBUG[0m - __ASSET_JOB - 5da4ea8d-8822-4e48-88b3-7f6c3b0d4317 - 65848 - acsURLs - LOADED_INPUT - Loaded input "acsVars" using input manager "io_manager"
[32m2023-06-02 14:09:37 -0400[0m - dagster - [34mDEBUG[0m - __ASSET_JOB - 5da4ea8d-8822-4e48-88b3-7f6c3b0d4317 - acsURLs - Loading file from: /Users/blakevanfleteren/Programs/GitHub/vaccine_data/vaccines/tmpbd1xor13/storage/fipsLocation
[32m2023-06-02 14:09:37 -0400[0m - dagster - [34mDEBUG[0m - __ASSET_JOB - 5da4ea8d-8822-4e48-88b3-7f6c3b0d4317 - 65848 - acsURLs - ASSET_OBSERVATION - ASSET_OBSERVATION for step acsURLs
[32m2023-06-02 14:09:37 -0400[0m - dagster - [34mDEBUG[0m - __ASSET_JOB - 5da4ea8d-8822-4e48-88b3-7f6c3b0d4317 - 65848 - acsURLs - LOADED_INPUT - Loaded input "fipsLocation" using input manager "io_manager"
[32m2023-06-02 14:09:37 -0400[0m - dagster - [34mDEBUG[0m - __ASSET_JOB - 5da4ea8d-8822-4e48-88b3-7f6c3b0d4317 - acsURLs - Loading file from: /Users/blakevanfleteren/Programs/GitHub/vaccine_data/vaccines/tmpbd1xor13/storage/years
[32m2023-06-02 14:09:37 -0400[0m - dagster - [34mDEBUG[0m - __ASSET_JOB - 5da4ea8d-8822-4e48-88b3-7f6c3b0d4317 - 65848 - acsURLs - ASSET_OBSERVATION - ASSET_OBSERVATION for step acsURLs
[32m2023-06-02 14:09:37 -0400[0m - dagster - [34mDEBUG[0m - __ASSET_JOB - 5da4ea8d-8822-4e48-88b3-7f6c3b0d4317 - 65848 - acsURLs - LOADED_INPUT - Loaded input "years" using input manager "io_manager"
[32m2023-06-02 14:09:37 -0400[0m - dagster - [34mDEBUG[0m - __ASSET_JOB - 5da4ea8d-8822-4e48-88b3-7f6c3b0d4317 - 65848 - acsURLs - STEP_INPUT - Got input "acsVars" of type "dict". (Type check passed).
[32m2023-06-02 14:09:37 -0400[0m - dagster - [34mDEBUG[0m - __ASSET_JOB - 5da4ea8d-8822-4e48-88b3-7f6c3b0d4317 - 65848 - acsURLs - STEP_INPUT - Got input "fipsLocation" of type "dict". (Type check passed).
[32m2023-06-02 14:09:37 -0400[0m - dagster - [34mDEBUG[0m - __ASSET_JOB - 5da4ea8d-8822-4e48-88b3-7f6c3b0d4317 - 65848 - acsURLs - STEP_INPUT - Got input "years" of type "[Any]". (Type check passed).
[32m2023-06-02 14:09:37 -0400[0m - dagster - [34mERROR[0m - [31m__ASSET_JOB - 5da4ea8d-8822-4e48-88b3-7f6c3b0d4317 - 65848 - acsURLs - STEP_FAILURE - Execution of step "acsURLs" failed.

dagster._core.errors.DagsterExecutionStepExecutionError: Error occurred while executing op "acsURLs"::

KeyError: '2020'

Stack Trace:
  File "/Users/blakevanfleteren/Programs/GitHub/vaccine_data/.venv/lib/python3.9/site-packages/dagster/_core/execution/plan/utils.py", line 54, in op_execution_error_boundary
    yield
  File "/Users/blakevanfleteren/Programs/GitHub/vaccine_data/.venv/lib/python3.9/site-packages/dagster/_utils/__init__.py", line 445, in iterate_with_context
    next_output = next(iterator)
  File "/Users/blakevanfleteren/Programs/GitHub/vaccine_data/.venv/lib/python3.9/site-packages/dagster/_core/execution/plan/compute_generator.py", line 124, in _coerce_op_compute_fn_to_iterator
    result = invoke_compute_fn(
  File "/Users/blakevanfleteren/Programs/GitHub/vaccine_data/.venv/lib/python3.9/site-packages/dagster/_core/execution/plan/compute_generator.py", line 118, in invoke_compute_fn
    return fn(context, **args_to_pass) if context_arg_provided else fn(**args_to_pass)
  File "/Users/blakevanfleteren/Programs/GitHub/vaccine_data/vaccines/vaccines/assets.py", line 119, in acsURLs
    vars = ','.join(var for var in acsVars[year].keys())
[0m
